mktextfm ukai/OT
mktextfm ukai/OT
mktextfm ukai/OT
mktextfm ukai/OT
mktextfm ukai/OT
mktextfm ukai/OT
mktextfm ukai/OT
mktextfm ukai/OT
mktextfm ukai/OT
mktextfm ukai/OT
mktextfm ukai/OT
mktextfm ukai/OT
mktextfm nullfont
mktextfm ukai/OT
mktextfm nullfont
mktextfm ukai/OT
mktextfm nullfont
mktextfm nullfont
mktextfm SimSun/OT
mktextfm SimSun/OT
mktextfm SimSun/OT
mktextfm SimSun/BI/OT
mktextfm SimSun/OT
mktextfm SimSun/B/OT
mktextfm SimSun/OT
mktextfm SimSun/I/OT
mktextfm SimSun/OT
mktextfm SimSun/OT
mktextfm SimSun/OT
mktextfm SimSun/OT
mktextfm SimSun/OT
mktextfm SimSun/OT
mktextfm SimSun/OT
mktextfm SimSun/OT
mktextfm FandolKai-Regular/OT
mktextfm FandolKai-Regular/OT
mktextfm FandolKai-Regular/OT
mktextfm FandolKai-Regular/BI/OT
mktextfm FandolKai-Regular/OT
mktextfm FandolKai-Regular/B/OT
mktextfm FandolKai-Regular/OT
mktextfm FandolKai-Regular/I/OT
mktextfm FandolKai-Regular/OT
mktextfm FandolKai-Regular/OT
mktextfm FandolKai-Regular/OT
mktextfm FandolKai-Regular/OT
mktextfm FandolKai-Regular/OT
mktextfm FandolKai-Regular/OT
mktextfm FandolKai-Regular/OT
mktextfm FandolKai-Regular/OT
mktextfm fonts/FandolKai-Regular/OT
mktextfm fonts/FandolKai-Regular/OT
mktextfm fonts/FandolKai-Regular/OT
mktextfm fonts/FandolKai-Regular/BI/OT
mktextfm fonts/FandolKai-Regular/OT
mktextfm fonts/FandolKai-Regular/B/OT
mktextfm fonts/FandolKai-Regular/OT
mktextfm fonts/FandolKai-Regular/I/OT
mktextfm fonts/FandolKai-Regular/OT
mktextfm fonts/FandolKai-Regular/OT
mktextfm fonts/FandolKai-Regular/OT
mktextfm fonts/FandolKai-Regular/OT
mktextfm fonts/FandolKai-Regular/OT
mktextfm fonts/FandolKai-Regular/OT
mktextfm fonts/FandolKai-Regular/OT
mktextfm fonts/FandolKai-Regular/BI/OT
mktextfm fonts/FandolKai-Regular/OT
mktextfm fonts/FandolKai-Regular/B/OT
mktextfm fonts/FandolKai-Regular/OT
mktextfm fonts/FandolKai-Regular/I/OT
mktextfm fonts/FandolKai-Regular/OT
mktextfm fonts/FandolKai-Regular/OT
mktextfm FandolHei/OT
mktextfm FandolHei/OT
mktextfm FandolHei/OT
mktextfm FandolHei/BI/OT
mktextfm FandolHei/OT
mktextfm FandolHei/B/OT
mktextfm FandolHei/OT
mktextfm FandolHei/I/OT
mktextfm FandolHei/OT
mktextfm FandolHei/OT
mktextfm FandolHei/OT
mktextfm FandolHei/OT
mktextfm FandolHei/OT
mktextfm FandolHei/OT
mktextfm FandolHei/OT
mktextfm FandolHei/OT
mktextfm fonts/FandolHei/OT
mktextfm fonts/FandolHei/OT
mktextfm fonts/FandolHei/OT
mktextfm fonts/FandolHei/BI/OT
mktextfm fonts/FandolHei/OT
mktextfm fonts/FandolHei/B/OT
mktextfm fonts/FandolHei/OT
mktextfm fonts/FandolHei/I/OT
mktextfm fonts/FandolHei/OT
mktextfm fonts/FandolHei/OT
mktextfm fonts/FandolHei-Regular/OT
mktextfm fonts/FandolHei-Regular/OT
mktextfm fonts/FandolHei-Regular/OT
mktextfm fonts/FandolHei-Regular/BI/OT
mktextfm fonts/FandolHei-Regular/OT
mktextfm fonts/FandolHei-Regular/B/OT
mktextfm fonts/FandolHei-Regular/OT
mktextfm fonts/FandolHei-Regular/I/OT
mktextfm fonts/FandolHei-Regular/OT
mktextfm fonts/FandolHei-Regular/OT
mktextfm FandolHei-Regular/OT
mktextfm FandolHei-Regular/OT
mktextfm FandolHei-Regular/OT
mktextfm FandolHei-Regular/BI/OT
mktextfm FandolHei-Regular/OT
mktextfm FandolHei-Regular/B/OT
mktextfm FandolHei-Regular/OT
mktextfm FandolHei-Regular/I/OT
mktextfm FandolHei-Regular/OT
mktextfm FandolHei-Regular/OT
mktextfm FandolHei-Regular/OT
mktextfm FandolHei-Regular/OT
mktextfm FandolHei-Regular/OT
mktextfm FandolHei-Regular/OT
mktextfm FandolHei-Regular/OT
mktextfm FandolHei-Regular/OT
mktextfm FZHeiTi
mktextfm FZHeiTi/I
mktextfm FZHeiTi
mktextfm FZHeiTi
mktextfm FZHeiTi
mktextfm FZHeiTi/I
mktextfm FZHeiTi
mktextfm FZHeiTi
mktextfm FZKaiTi
mktextfm FZKaiTi
mktextfm FZHeiTi
mktextfm FZHeiTi/I
mktextfm FZKaiTi
mktextfm FZKaiTi/BI
mktextfm FZKaiTi
mktextfm FZKaiTi/I
mktextfm FZKaiTi
mktextfm FZKaiTi
mktextfm FZHeiTi
mktextfm FZHeiTi
mktextfm fonts/FandolKai-Regular
mktextfm fonts/FandolKai-Regular
mktextfm fonts/FandolKai-Regular
mktextfm fonts/FandolKai-Regular/BI
mktextfm fonts/FandolKai-Regular
mktextfm fonts/FandolKai-Regular/B
mktextfm fonts/FandolKai-Regular
mktextfm fonts/FandolKai-Regular/I
mktextfm fonts/FandolKai-Regular
mktextfm fonts/FandolKai-Regular
